Using pre-set license
Built from '2020.2/release' branch; Version is '2020.2.2f1 (068178b99f32) revision 426360'; Using compiler version '192528614'; Build Type 'Release'
OS: 'Windows 10 Home Single Language; OS build 19042.867; Version 2009; 64bit' Language: 'ru' Physical Memory: 12130 MB
BatchMode: 1, IsHumanControllingUs: 0, StartBugReporterOnCrash: 0, Is64bit: 1, IsPro: 0

 COMMAND LINE ARGUMENTS:
D:\Distrib\UnityEditors\2020.2.2f1\Editor\Unity.exe
-adb2
-batchMode
-noUpm
-name
AssetImportWorker4
-projectPath
D:/Desktop/POLYTECH/7 semester/Unity/new-unity-project/New Unity Project
-logFile
Logs/AssetImportWorker4.log
-srvPort
64680
Successfully changed project path to: D:/Desktop/POLYTECH/7 semester/Unity/new-unity-project/New Unity Project
D:/Desktop/POLYTECH/7 semester/Unity/new-unity-project/New Unity Project
Using Asset Import Pipeline V2.
Refreshing native plugins compatible for Editor in 54.10 ms, found 0 plugins.
Preloading 0 native plugins for Editor in 0.00 ms.
Initialize engine version: 2020.2.2f1 (068178b99f32)
[Subsystems] Discovering subsystems at path D:/Distrib/UnityEditors/2020.2.2f1/Editor/Data/Resources/UnitySubsystems
[Subsystems] Discovering subsystems at path D:/Desktop/POLYTECH/7 semester/Unity/new-unity-project/New Unity Project/Assets
GfxDevice: creating device client; threaded=0
Direct3D:
    Version:  Direct3D 11.0 [level 11.1]
    Renderer: NVIDIA GeForce GTX 1060 (ID=0x1c20)
    Vendor:   
    VRAM:     6052 MB
    Driver:   27.21.14.6140
Initialize mono
Mono path[0] = 'D:/Distrib/UnityEditors/2020.2.2f1/Editor/Data/Managed'
Mono path[1] = 'D:/Distrib/UnityEditors/2020.2.2f1/Editor/Data/MonoBleedingEdge/lib/mono/unityjit'
Mono config path = 'D:/Distrib/UnityEditors/2020.2.2f1/Editor/Data/MonoBleedingEdge/etc'
Using monoOptions --debugger-agent=transport=dt_socket,embedding=1,server=y,suspend=n,address=127.0.0.1:56356
Begin MonoManager ReloadAssembly
Registering precompiled unity dll's ...
Register platform support module: D:/Distrib/UnityEditors/2020.2.2f1/Editor/Data/PlaybackEngines/WindowsStandaloneSupport/UnityEditor.WindowsStandalone.Extensions.dll
Registered in 0.001049 seconds.
Native extension for WindowsStandalone target not found
Refreshing native plugins compatible for Editor in 51.36 ms, found 0 plugins.
Preloading 0 native plugins for Editor in 0.00 ms.
Invoked RoslynAnalysisRunner static constructor.
RoslynAnalysisRunner will not be running.
RoslynAnalysisRunner has terminated.
Mono: successfully reloaded assembly
- Completed reload, in  0.848 seconds
Platform modules already initialized, skipping
Registering precompiled user dll's ...
Registered in 0.001861 seconds.
Begin MonoManager ReloadAssembly
Native extension for WindowsStandalone target not found
Refreshing native plugins compatible for Editor in 0.50 ms, found 0 plugins.
Preloading 0 native plugins for Editor in 0.00 ms.
Invoked RoslynAnalysisRunner static constructor.
RoslynAnalysisRunner will not be running.
RoslynAnalysisRunner has terminated.
Find all reader and writers took 241 milliseconds
Script Module: UnityEngine.UI.dll
Weave behaviours and messages took109 milliseconds
Find all reader and writers took 52 milliseconds
Script Module: UnityEngine.TestRunner.dll
Weave behaviours and messages took15 milliseconds
Find all reader and writers took 51 milliseconds
Script Module: Unity.Mathematics.dll
Weave behaviours and messages took135 milliseconds
Find all reader and writers took 50 milliseconds
Script Module: SimpleWebTransport.dll
Weave behaviours and messages took4 milliseconds
Find all reader and writers took 49 milliseconds
Script Module: Unity.Timeline.dll
Weave behaviours and messages took18 milliseconds
Find all reader and writers took 53 milliseconds
Script Module: Mirror.Examples.dll
[Projectile] NetworkBehaviourProcessor
[Tank] NetworkBehaviourProcessor
[NetworkRoomPlayer] NetworkBehaviourProcessor
[NetworkRoomPlayerExt] NetworkBehaviourProcessor
[PlayerController] NetworkBehaviourProcessor
[PlayerScore] NetworkBehaviourProcessor
[RandomColor] NetworkBehaviourProcessor
[Reward] NetworkBehaviourProcessor
[AddForce] NetworkBehaviourProcessor
[Ball] NetworkBehaviourProcessor
[Player] NetworkBehaviourProcessor
[MatchController] NetworkBehaviourProcessor
[PhysicsCollision] NetworkBehaviourProcessor
[PlayerController] NetworkBehaviourProcessor
[PlayerScore] NetworkBehaviourProcessor
[RandomColor] NetworkBehaviourProcessor
[Reward] NetworkBehaviourProcessor
[Player] NetworkBehaviourProcessor
[MonsterMovement] NetworkBehaviourProcessor
[PlayerMovement] NetworkBehaviourProcessor
[Player] NetworkBehaviourProcessor
[PlayerController] NetworkBehaviourProcessor
[RandomColor] NetworkBehaviourProcessor
[ShootingTankBehaviour] NetworkBehaviourProcessor
Weave behaviours and messages took16 milliseconds
  ProcessSitesModule Mirror.Examples.dll elapsed time:00:00:00.0079937
Find all reader and writers took 48 milliseconds
Script Module: Unity.ProBuilder.dll
Weave behaviours and messages took34 milliseconds
Find all reader and writers took 44 milliseconds
Script Module: Mirror.Components.dll
[NetworkAnimator] NetworkBehaviourProcessor
[NetworkRoomPlayer] NetworkBehaviourProcessor
[NetworkLobbyPlayer] NetworkBehaviourProcessor
[NetworkVisibility] NetworkBehaviourProcessor
[NetworkVisibility] Found NetworkBehaviour Mirror.NetworkVisibility
[NetworkVisibility] Process Start
[NetworkVisibility]   GenerateSerialization
[NetworkVisibility]   GenerateDeSerialization
[NetworkVisibility] Process Done
[NetworkMatchChecker] NetworkBehaviourProcessor
[NetworkVisibility] NetworkBehaviourProcessor
[NetworkProximityChecker] NetworkBehaviourProcessor
[NetworkRoomPlayer] NetworkBehaviourProcessor
[NetworkVisibility] NetworkBehaviourProcessor
[NetworkSceneChecker] NetworkBehaviourProcessor
[NetworkTransformBase] NetworkBehaviourProcessor
[NetworkTransform] NetworkBehaviourProcessor
[NetworkTransformBase] NetworkBehaviourProcessor
[NetworkTransformBase] NetworkBehaviourProcessor
[NetworkTransformChild] NetworkBehaviourProcessor
[NetworkLerpRigidbody] NetworkBehaviourProcessor
[NetworkRigidbody] NetworkBehaviourProcessor
[NetworkRigidbody2D] NetworkBehaviourProcessor
[NetworkTransformBase] NetworkBehaviourProcessor
[NetworkTransform] NetworkBehaviourProcessor
[NetworkTransformBase] NetworkBehaviourProcessor
[NetworkTransformBase] NetworkBehaviourProcessor
[NetworkTransformChild] NetworkBehaviourProcessor
Weave behaviours and messages took21 milliseconds
  ProcessSitesModule Mirror.Components.dll elapsed time:00:00:00.0010006
Find all reader and writers took 163 milliseconds
Script Module: Unity.TextMeshPro.dll
Weave behaviours and messages took49 milliseconds
Find all reader and writers took 46 milliseconds
Script Module: Unity.ProBuilder.Poly2Tri.dll
Weave behaviours and messages took4 milliseconds
Find all reader and writers took 49 milliseconds
Script Module: Unity.Postprocessing.Runtime.dll
Weave behaviours and messages took15 milliseconds
Find all reader and writers took 53 milliseconds
Script Module: Assembly-CSharp.dll
[ChatBehaviour] NetworkBehaviourProcessor
[AmmoPickupScript] NetworkBehaviourProcessor
[BulletComponent] NetworkBehaviourProcessor
[HealthPickupScript] NetworkBehaviourProcessor
[Pawn] NetworkBehaviourProcessor
[PlayerController] NetworkBehaviourProcessor
[GameManager] NetworkBehaviourProcessor
[NetworkGamePlayerLobby] NetworkBehaviourProcessor
[NetworkRoomPlayerLobby] NetworkBehaviourProcessor
[Old_Player] NetworkBehaviourProcessor
[PlayerMotor] NetworkBehaviourProcessor
[PlayerSetup] NetworkBehaviourProcessor
[RoundSystem] NetworkBehaviourProcessor
[PlayerSpawnSystem] NetworkBehaviourProcessor
Weave behaviours and messages took71 milliseconds
  ProcessSitesModule Assembly-CSharp.dll elapsed time:00:00:00.0019982
Find all reader and writers took 55 milliseconds
Script Module: Unity.InteractiveTutorials.Core.Scripts.dll
Weave behaviours and messages took0 milliseconds
Find all reader and writers took 51 milliseconds
Script Module: Unity.2D.SpriteShape.Runtime.dll
Weave behaviours and messages took30 milliseconds
Find all reader and writers took 48 milliseconds
Script Module: Telepathy.dll
Weave behaviours and messages took1 milliseconds
Find all reader and writers took 47 milliseconds
Script Module: Mirror.Authenticators.dll
Weave behaviours and messages took2 milliseconds
  ProcessSitesModule Mirror.Authenticators.dll elapsed time:00:00:00.0010010
Find all reader and writers took 51 milliseconds
Script Module: Unity.ProGrids.dll
Weave behaviours and messages took0 milliseconds
Find all reader and writers took 48 milliseconds
Script Module: Unity.ProBuilder.Csg.dll
Weave behaviours and messages took1 milliseconds
Find all reader and writers took 49 milliseconds
Script Module: Mirror.Examples.Cloud.GUI.dll
Weave behaviours and messages took2 milliseconds
Find all reader and writers took 49 milliseconds
Script Module: Mirror.Cloud.dll
Weave behaviours and messages took2 milliseconds
Find all reader and writers took 47 milliseconds
Script Module: Unity.ProBuilder.KdTree.dll
Weave behaviours and messages took2 milliseconds
Find all reader and writers took 47 milliseconds
Script Module: kcp2k.dll
Weave behaviours and messages took2 milliseconds
Find all reader and writers took 47 milliseconds
Script Module: Unity.ProBuilder.Stl.dll
Weave behaviours and messages took0 milliseconds
Find all reader and writers took 49 milliseconds
Script Module: Mirror.Examples.Cloud.Pong.dll
[Ball] NetworkBehaviourProcessor
[BallManager] NetworkBehaviourProcessor
[Player] NetworkBehaviourProcessor
Weave behaviours and messages took2 milliseconds
  ProcessSitesModule Mirror.Examples.Cloud.Pong.dll elapsed time:00:00:00
Find all reader and writers took 46 milliseconds
Script Module: Unity.2D.Common.Runtime.dll
Weave behaviours and messages took0 milliseconds
Find all reader and writers took 47 milliseconds
Script Module: Unity.InternalAPIEngineBridge.001.dll
Weave behaviours and messages took0 milliseconds
Find all reader and writers took 96 milliseconds
Script Module: UnityEditor.TestRunner.dll
Weave behaviours and messages took22 milliseconds
Find all reader and writers took 193 milliseconds
Script Module: Unity.InteractiveTutorials.Core.dll
Weave behaviours and messages took24 milliseconds
Find all reader and writers took 90 milliseconds
Script Module: UnityEditor.UI.dll
Weave behaviours and messages took9 milliseconds
Find all reader and writers took 61 milliseconds
Script Module: UnityEditor.InteractiveTutorialsFramework.dll
Weave behaviours and messages took1 milliseconds
Find all reader and writers took 68 milliseconds
Script Module: Unity.ProBuilder.AssetIdRemapUtility.dll
Weave behaviours and messages took2 milliseconds
